<?xml version="1.0" encoding="UTF-8"?>
<testng-results ignored="0" total="1" passed="1" failed="0" skipped="0">
  <reporter-output>
  </reporter-output>
  <suite started-at="2024-01-23T09:38:56 IST" name="Default suite" finished-at="2024-01-23T09:38:58 IST" duration-ms="2900">
    <groups>
    </groups>
    <test started-at="2024-01-23T09:38:56 IST" name="Default test" finished-at="2024-01-23T09:38:58 IST" duration-ms="2900">
      <class name="POJoRunning.PoJoClass">
        <test-method signature="test()[pri:0, instance:POJoRunning.PoJoClass@35841320]" started-at="2024-01-23T09:38:56 IST" name="test" finished-at="2024-01-23T09:38:58 IST" duration-ms="2848" status="PASS">
          <reporter-output>
          </reporter-output>
        </test-method> <!-- test -->
      </class> <!-- POJoRunning.PoJoClass -->
    </test> <!-- Default test -->
  </suite> <!-- Default suite -->
</testng-results>
